[bwa_index] Pack FASTA... 0.25 sec
[bwa_index] Construct BWT for the packed sequence...
[BWTIncCreate] textLength=59592800, availableWord=16192692
[BWTIncConstructFromPacked] 10 iterations done. 26709824 characters processed.
[BWTIncConstructFromPacked] 20 iterations done. 49342352 characters processed.
[bwt_gen] Finished constructing BWT in 25 iterations.
[bwa_index] 15.90 seconds elapse.
[bwa_index] Update BWT... 0.18 sec
[bwa_index] Pack forward-only FASTA... 0.14 sec
[bwa_index] Construct SA from BWT and Occ... 5.90 sec
[main] Version: 0.7.17-r1188
[main] CMD: bwa index /home/ida/genome_analysis/project/data/assemblies/pacbio_canu_assembly/02_canu_assembly.contigs.fasta
[main] Real time: 23.207 sec; CPU: 22.382 sec
[bwa_aln] 17bp reads: max_diff = 2
[bwa_aln] 38bp reads: max_diff = 3
[bwa_aln] 64bp reads: max_diff = 4
[bwa_aln] 93bp reads: max_diff = 5
[bwa_aln] 124bp reads: max_diff = 6
[bwa_aln] 157bp reads: max_diff = 7
[bwa_aln] 190bp reads: max_diff = 8
[bwa_aln] 225bp reads: max_diff = 9
[bwa_aln_core] calculate SA coordinate... 77.00 sec
[bwa_aln_core] write to the disk... 0.05 sec
[bwa_aln_core] 262144 sequences have been processed.
[bwa_aln_core] calculate SA coordinate... 77.72 sec
[bwa_aln_core] write to the disk... 0.05 sec
[bwa_aln_core] 524288 sequences have been processed.
[bwa_aln_core] calculate SA coordinate... 78.10 sec
[bwa_aln_core] write to the disk... 0.04 sec
[bwa_aln_core] 786432 sequences have been processed.
[bwa_aln_core] calculate SA coordinate... 78.59 sec
[bwa_aln_core] write to the disk... 0.04 sec
[bwa_aln_core] 1048576 sequences have been processed.
[bwa_aln_core] calculate SA coordinate... 77.03 sec
[bwa_aln_core] write to the disk... 0.04 sec
[bwa_aln_core] 1310720 sequences have been processed.
[bwa_aln_core] calculate SA coordinate... 76.37 sec
[bwa_aln_core] write to the disk... 0.04 sec
[bwa_aln_core] 1572864 sequences have been processed.
[bwa_aln_core] calculate SA coordinate... 76.62 sec
[bwa_aln_core] write to the disk... 0.04 sec
[bwa_aln_core] 1835008 sequences have been processed.
[bwa_aln_core] calculate SA coordinate... 75.42 sec
[bwa_aln_core] write to the disk... 0.03 sec
[bwa_aln_core] 2097152 sequences have been processed.
[bwa_aln_core] calculate SA coordinate... 76.20 sec
[bwa_aln_core] write to the disk... 0.04 sec
[bwa_aln_core] 2359296 sequences have been processed.
[bwa_aln_core] calculate SA coordinate... 75.40 sec
[bwa_aln_core] write to the disk... 0.04 sec
[bwa_aln_core] 2621440 sequences have been processed.
[bwa_aln_core] calculate SA coordinate... 75.32 sec
[bwa_aln_core] write to the disk... 0.05 sec
[bwa_aln_core] 2883584 sequences have been processed.
[bwa_aln_core] calculate SA coordinate... 76.48 sec
[bwa_aln_core] write to the disk... 0.04 sec
[bwa_aln_core] 3145728 sequences have been processed.
[bwa_aln_core] calculate SA coordinate... 75.60 sec
[bwa_aln_core] write to the disk... 0.05 sec
[bwa_aln_core] 3407872 sequences have been processed.
[bwa_aln_core] calculate SA coordinate... 75.56 sec
[bwa_aln_core] write to the disk... 0.04 sec
[bwa_aln_core] 3670016 sequences have been processed.
[bwa_aln_core] calculate SA coordinate... 76.26 sec
[bwa_aln_core] write to the disk... 0.05 sec
[bwa_aln_core] 3932160 sequences have been processed.
[bwa_aln_core] calculate SA coordinate... 75.88 sec
[bwa_aln_core] write to the disk... 0.05 sec
[bwa_aln_core] 4194304 sequences have been processed.
[bwa_aln_core] calculate SA coordinate... 75.81 sec
[bwa_aln_core] write to the disk... 0.05 sec
[bwa_aln_core] 4456448 sequences have been processed.
[bwa_aln_core] calculate SA coordinate... 76.08 sec
[bwa_aln_core] write to the disk... 0.04 sec
[bwa_aln_core] 4718592 sequences have been processed.
[bwa_aln_core] calculate SA coordinate... 50.31 sec
[bwa_aln_core] write to the disk... 0.03 sec
[bwa_aln_core] 4892210 sequences have been processed.
[main] Version: 0.7.17-r1188
[main] CMD: bwa aln -t 2 /home/ida/genome_analysis/project/data/assemblies/pacbio_canu_assembly/02_canu_assembly.contigs.fasta /home/ida/genome_analysis/project/data/raw_data/illumina/SRR6058604_scaffold_10.1P.fastq.gz
[main] Real time: 731.736 sec; CPU: 1441.417 sec
[bwa_aln] 17bp reads: max_diff = 2
[bwa_aln] 38bp reads: max_diff = 3
[bwa_aln] 64bp reads: max_diff = 4
[bwa_aln] 93bp reads: max_diff = 5
[bwa_aln] 124bp reads: max_diff = 6
[bwa_aln] 157bp reads: max_diff = 7
[bwa_aln] 190bp reads: max_diff = 8
[bwa_aln] 225bp reads: max_diff = 9
[bwa_aln_core] calculate SA coordinate... 76.23 sec
[bwa_aln_core] write to the disk... 0.05 sec
[bwa_aln_core] 262144 sequences have been processed.
[bwa_aln_core] calculate SA coordinate... 75.54 sec
[bwa_aln_core] write to the disk... 0.05 sec
[bwa_aln_core] 524288 sequences have been processed.
[bwa_aln_core] calculate SA coordinate... 75.21 sec
[bwa_aln_core] write to the disk... 0.05 sec
[bwa_aln_core] 786432 sequences have been processed.
[bwa_aln_core] calculate SA coordinate... 74.96 sec
[bwa_aln_core] write to the disk... 0.04 sec
[bwa_aln_core] 1048576 sequences have been processed.
[bwa_aln_core] calculate SA coordinate... 76.86 sec
[bwa_aln_core] write to the disk... 0.04 sec
[bwa_aln_core] 1310720 sequences have been processed.
[bwa_aln_core] calculate SA coordinate... 76.50 sec
[bwa_aln_core] write to the disk... 0.04 sec
[bwa_aln_core] 1572864 sequences have been processed.
[bwa_aln_core] calculate SA coordinate... 76.24 sec
[bwa_aln_core] write to the disk... 0.04 sec
[bwa_aln_core] 1835008 sequences have been processed.
[bwa_aln_core] calculate SA coordinate... 75.81 sec
[bwa_aln_core] write to the disk... 0.04 sec
[bwa_aln_core] 2097152 sequences have been processed.
[bwa_aln_core] calculate SA coordinate... 76.12 sec
[bwa_aln_core] write to the disk... 0.04 sec
[bwa_aln_core] 2359296 sequences have been processed.
[bwa_aln_core] calculate SA coordinate... 75.69 sec
[bwa_aln_core] write to the disk... 0.04 sec
[bwa_aln_core] 2621440 sequences have been processed.
[bwa_aln_core] calculate SA coordinate... 76.36 sec
[bwa_aln_core] write to the disk... 0.05 sec
[bwa_aln_core] 2883584 sequences have been processed.
[bwa_aln_core] calculate SA coordinate... 75.31 sec
[bwa_aln_core] write to the disk... 0.03 sec
[bwa_aln_core] 3145728 sequences have been processed.
[bwa_aln_core] calculate SA coordinate... 75.69 sec
[bwa_aln_core] write to the disk... 0.04 sec
[bwa_aln_core] 3407872 sequences have been processed.
[bwa_aln_core] calculate SA coordinate... 76.26 sec
[bwa_aln_core] write to the disk... 0.04 sec
[bwa_aln_core] 3670016 sequences have been processed.
[bwa_aln_core] calculate SA coordinate... 75.90 sec
[bwa_aln_core] write to the disk... 0.04 sec
[bwa_aln_core] 3932160 sequences have been processed.
[bwa_aln_core] calculate SA coordinate... 75.87 sec
[bwa_aln_core] write to the disk... 0.03 sec
[bwa_aln_core] 4194304 sequences have been processed.
[bwa_aln_core] calculate SA coordinate... 75.34 sec
[bwa_aln_core] write to the disk... 0.03 sec
[bwa_aln_core] 4456448 sequences have been processed.
[bwa_aln_core] calculate SA coordinate... 76.18 sec
[bwa_aln_core] write to the disk... 0.03 sec
[bwa_aln_core] 4718592 sequences have been processed.
[bwa_aln_core] calculate SA coordinate... 50.19 sec
[bwa_aln_core] write to the disk... 0.03 sec
[bwa_aln_core] 4892210 sequences have been processed.
[main] Version: 0.7.17-r1188
[main] CMD: bwa aln -t 2 /home/ida/genome_analysis/project/data/assemblies/pacbio_canu_assembly/02_canu_assembly.contigs.fasta /home/ida/genome_analysis/project/data/raw_data/illumina/SRR6058604_scaffold_10.2P.fastq.gz
[main] Real time: 727.506 sec; CPU: 1432.366 sec
[bwa_sai2sam_pe_core] convert to sequence coordinate... 
[infer_isize] (25, 50, 75) percentile: (230, 277, 329)
[infer_isize] low and high boundaries: 151 and 527 for estimating avg and std
[infer_isize] inferred external isize from 142422 pairs: 282.768 +/- 72.003
[infer_isize] skewness: 0.479; kurtosis: -0.051; ap_prior: 1.76e-05
[infer_isize] inferred maximum insert size: 731 (6.23 sigma)
[bwa_sai2sam_pe_core] time elapses: 2.45 sec
[bwa_sai2sam_pe_core] changing coordinates of 4700 alignments.
[bwa_sai2sam_pe_core] align unmapped mate...
[bwa_paired_sw] 13540 out of 17488 Q17 singletons are mated.
[bwa_paired_sw] 1065 out of 3794 Q17 discordant pairs are fixed.
[bwa_sai2sam_pe_core] time elapses: 1.77 sec
[bwa_sai2sam_pe_core] refine gapped alignments... 2.75 sec
[bwa_sai2sam_pe_core] print alignments... 1.23 sec
[bwa_sai2sam_pe_core] 262144 sequences have been processed.
[bwa_sai2sam_pe_core] convert to sequence coordinate... 
[infer_isize] (25, 50, 75) percentile: (230, 277, 329)
[infer_isize] low and high boundaries: 151 and 527 for estimating avg and std
[infer_isize] inferred external isize from 142463 pairs: 282.846 +/- 71.954
[infer_isize] skewness: 0.473; kurtosis: -0.057; ap_prior: 1.54e-05
[infer_isize] inferred maximum insert size: 731 (6.23 sigma)
[bwa_sai2sam_pe_core] time elapses: 2.52 sec
[bwa_sai2sam_pe_core] changing coordinates of 4580 alignments.
[bwa_sai2sam_pe_core] align unmapped mate...
[bwa_paired_sw] 13339 out of 17195 Q17 singletons are mated.
[bwa_paired_sw] 949 out of 3634 Q17 discordant pairs are fixed.
[bwa_sai2sam_pe_core] time elapses: 1.66 sec
[bwa_sai2sam_pe_core] refine gapped alignments... 2.47 sec
[bwa_sai2sam_pe_core] print alignments... 1.21 sec
[bwa_sai2sam_pe_core] 524288 sequences have been processed.
[bwa_sai2sam_pe_core] convert to sequence coordinate... 
[infer_isize] (25, 50, 75) percentile: (230, 277, 329)
[infer_isize] low and high boundaries: 151 and 527 for estimating avg and std
[infer_isize] inferred external isize from 141706 pairs: 282.551 +/- 71.914
[infer_isize] skewness: 0.487; kurtosis: -0.037; ap_prior: 1.48e-05
[infer_isize] inferred maximum insert size: 731 (6.23 sigma)
[bwa_sai2sam_pe_core] time elapses: 2.85 sec
[bwa_sai2sam_pe_core] changing coordinates of 4637 alignments.
[bwa_sai2sam_pe_core] align unmapped mate...
[bwa_paired_sw] 13838 out of 17758 Q17 singletons are mated.
[bwa_paired_sw] 981 out of 3727 Q17 discordant pairs are fixed.
[bwa_sai2sam_pe_core] time elapses: 1.70 sec
[bwa_sai2sam_pe_core] refine gapped alignments... 2.43 sec
[bwa_sai2sam_pe_core] print alignments... 1.18 sec
[bwa_sai2sam_pe_core] 786432 sequences have been processed.
[bwa_sai2sam_pe_core] convert to sequence coordinate... 
[infer_isize] (25, 50, 75) percentile: (231, 277, 329)
[infer_isize] low and high boundaries: 151 and 525 for estimating avg and std
[infer_isize] inferred external isize from 142168 pairs: 282.756 +/- 71.630
[infer_isize] skewness: 0.475; kurtosis: -0.056; ap_prior: 1.46e-05
[infer_isize] inferred maximum insert size: 729 (6.23 sigma)
[bwa_sai2sam_pe_core] time elapses: 2.54 sec
[bwa_sai2sam_pe_core] changing coordinates of 4628 alignments.
[bwa_sai2sam_pe_core] align unmapped mate...
[bwa_paired_sw] 13677 out of 17590 Q17 singletons are mated.
[bwa_paired_sw] 906 out of 3530 Q17 discordant pairs are fixed.
[bwa_sai2sam_pe_core] time elapses: 1.63 sec
[bwa_sai2sam_pe_core] refine gapped alignments... 2.43 sec
[bwa_sai2sam_pe_core] print alignments... 1.15 sec
[bwa_sai2sam_pe_core] 1048576 sequences have been processed.
[bwa_sai2sam_pe_core] convert to sequence coordinate... 
[infer_isize] (25, 50, 75) percentile: (231, 277, 329)
[infer_isize] low and high boundaries: 151 and 525 for estimating avg and std
[infer_isize] inferred external isize from 141342 pairs: 283.000 +/- 71.762
[infer_isize] skewness: 0.472; kurtosis: -0.066; ap_prior: 1.58e-05
[infer_isize] inferred maximum insert size: 730 (6.23 sigma)
[bwa_sai2sam_pe_core] time elapses: 2.71 sec
[bwa_sai2sam_pe_core] changing coordinates of 4611 alignments.
[bwa_sai2sam_pe_core] align unmapped mate...
[bwa_paired_sw] 13824 out of 17878 Q17 singletons are mated.
[bwa_paired_sw] 974 out of 3684 Q17 discordant pairs are fixed.
[bwa_sai2sam_pe_core] time elapses: 1.64 sec
[bwa_sai2sam_pe_core] refine gapped alignments... 2.35 sec
[bwa_sai2sam_pe_core] print alignments... 1.12 sec
[bwa_sai2sam_pe_core] 1310720 sequences have been processed.
[bwa_sai2sam_pe_core] convert to sequence coordinate... 
[infer_isize] (25, 50, 75) percentile: (231, 277, 329)
[infer_isize] low and high boundaries: 151 and 525 for estimating avg and std
[infer_isize] inferred external isize from 142115 pairs: 282.892 +/- 71.589
[infer_isize] skewness: 0.478; kurtosis: -0.040; ap_prior: 1.53e-05
[infer_isize] inferred maximum insert size: 729 (6.23 sigma)
[bwa_sai2sam_pe_core] time elapses: 2.67 sec
[bwa_sai2sam_pe_core] changing coordinates of 4630 alignments.
[bwa_sai2sam_pe_core] align unmapped mate...
[bwa_paired_sw] 13728 out of 17640 Q17 singletons are mated.
[bwa_paired_sw] 978 out of 3610 Q17 discordant pairs are fixed.
[bwa_sai2sam_pe_core] time elapses: 1.66 sec
[bwa_sai2sam_pe_core] refine gapped alignments... 2.53 sec
[bwa_sai2sam_pe_core] print alignments... 1.15 sec
[bwa_sai2sam_pe_core] 1572864 sequences have been processed.
[bwa_sai2sam_pe_core] convert to sequence coordinate... 
[infer_isize] (25, 50, 75) percentile: (231, 278, 329)
[infer_isize] low and high boundaries: 151 and 525 for estimating avg and std
[infer_isize] inferred external isize from 141805 pairs: 283.392 +/- 71.664
[infer_isize] skewness: 0.468; kurtosis: -0.056; ap_prior: 1.54e-05
[infer_isize] inferred maximum insert size: 730 (6.23 sigma)
[bwa_sai2sam_pe_core] time elapses: 2.83 sec
[bwa_sai2sam_pe_core] changing coordinates of 4546 alignments.
[bwa_sai2sam_pe_core] align unmapped mate...
[bwa_paired_sw] 14017 out of 17885 Q17 singletons are mated.
[bwa_paired_sw] 989 out of 3622 Q17 discordant pairs are fixed.
[bwa_sai2sam_pe_core] time elapses: 1.67 sec
[bwa_sai2sam_pe_core] refine gapped alignments... 2.39 sec
[bwa_sai2sam_pe_core] print alignments... 1.14 sec
[bwa_sai2sam_pe_core] 1835008 sequences have been processed.
[bwa_sai2sam_pe_core] convert to sequence coordinate... 
[infer_isize] (25, 50, 75) percentile: (231, 278, 330)
[infer_isize] low and high boundaries: 151 and 528 for estimating avg and std
[infer_isize] inferred external isize from 142389 pairs: 283.455 +/- 71.901
[infer_isize] skewness: 0.474; kurtosis: -0.043; ap_prior: 1.58e-05
[infer_isize] inferred maximum insert size: 731 (6.23 sigma)
[bwa_sai2sam_pe_core] time elapses: 2.96 sec
[bwa_sai2sam_pe_core] changing coordinates of 4688 alignments.
[bwa_sai2sam_pe_core] align unmapped mate...
[bwa_paired_sw] 13766 out of 17617 Q17 singletons are mated.
[bwa_paired_sw] 934 out of 3566 Q17 discordant pairs are fixed.
[bwa_sai2sam_pe_core] time elapses: 1.65 sec
[bwa_sai2sam_pe_core] refine gapped alignments... 2.46 sec
[bwa_sai2sam_pe_core] print alignments... 1.16 sec
[bwa_sai2sam_pe_core] 2097152 sequences have been processed.
[bwa_sai2sam_pe_core] convert to sequence coordinate... 
[infer_isize] (25, 50, 75) percentile: (231, 278, 330)
[infer_isize] low and high boundaries: 151 and 528 for estimating avg and std
[infer_isize] inferred external isize from 141971 pairs: 283.768 +/- 71.850
[infer_isize] skewness: 0.470; kurtosis: -0.069; ap_prior: 1.50e-05
[infer_isize] inferred maximum insert size: 731 (6.23 sigma)
[bwa_sai2sam_pe_core] time elapses: 2.38 sec
[bwa_sai2sam_pe_core] changing coordinates of 4470 alignments.
[bwa_sai2sam_pe_core] align unmapped mate...
[bwa_paired_sw] 14132 out of 17951 Q17 singletons are mated.
[bwa_paired_sw] 1026 out of 3690 Q17 discordant pairs are fixed.
[bwa_sai2sam_pe_core] time elapses: 1.70 sec
[bwa_sai2sam_pe_core] refine gapped alignments... 2.39 sec
[bwa_sai2sam_pe_core] print alignments... 1.15 sec
[bwa_sai2sam_pe_core] 2359296 sequences have been processed.
[bwa_sai2sam_pe_core] convert to sequence coordinate... 
[infer_isize] (25, 50, 75) percentile: (232, 279, 331)
[infer_isize] low and high boundaries: 151 and 529 for estimating avg and std
[infer_isize] inferred external isize from 141312 pairs: 284.273 +/- 71.843
[infer_isize] skewness: 0.465; kurtosis: -0.055; ap_prior: 1.40e-05
[infer_isize] inferred maximum insert size: 732 (6.23 sigma)
[bwa_sai2sam_pe_core] time elapses: 2.47 sec
[bwa_sai2sam_pe_core] changing coordinates of 4642 alignments.
[bwa_sai2sam_pe_core] align unmapped mate...
[bwa_paired_sw] 13978 out of 17976 Q17 singletons are mated.
[bwa_paired_sw] 949 out of 3564 Q17 discordant pairs are fixed.
[bwa_sai2sam_pe_core] time elapses: 1.76 sec
[bwa_sai2sam_pe_core] refine gapped alignments... 2.48 sec
[bwa_sai2sam_pe_core] print alignments... 1.17 sec
[bwa_sai2sam_pe_core] 2621440 sequences have been processed.
[bwa_sai2sam_pe_core] convert to sequence coordinate... 
[infer_isize] (25, 50, 75) percentile: (232, 279, 332)
[infer_isize] low and high boundaries: 151 and 532 for estimating avg and std
[infer_isize] inferred external isize from 142138 pairs: 284.800 +/- 72.121
[infer_isize] skewness: 0.463; kurtosis: -0.044; ap_prior: 1.78e-05
[infer_isize] inferred maximum insert size: 734 (6.23 sigma)
[bwa_sai2sam_pe_core] time elapses: 2.61 sec
[bwa_sai2sam_pe_core] changing coordinates of 4663 alignments.
[bwa_sai2sam_pe_core] align unmapped mate...
[bwa_paired_sw] 13901 out of 17850 Q17 singletons are mated.
[bwa_paired_sw] 986 out of 3773 Q17 discordant pairs are fixed.
[bwa_sai2sam_pe_core] time elapses: 1.68 sec
[bwa_sai2sam_pe_core] refine gapped alignments... 2.41 sec
[bwa_sai2sam_pe_core] print alignments... 1.16 sec
[bwa_sai2sam_pe_core] 2883584 sequences have been processed.
[bwa_sai2sam_pe_core] convert to sequence coordinate... 
[infer_isize] (25, 50, 75) percentile: (232, 279, 331)
[infer_isize] low and high boundaries: 151 and 529 for estimating avg and std
[infer_isize] inferred external isize from 141301 pairs: 284.448 +/- 72.190
[infer_isize] skewness: 0.477; kurtosis: -0.041; ap_prior: 1.58e-05
[infer_isize] inferred maximum insert size: 734 (6.23 sigma)
[bwa_sai2sam_pe_core] time elapses: 2.60 sec
[bwa_sai2sam_pe_core] changing coordinates of 4653 alignments.
[bwa_sai2sam_pe_core] align unmapped mate...
[bwa_paired_sw] 14095 out of 17981 Q17 singletons are mated.
[bwa_paired_sw] 997 out of 3658 Q17 discordant pairs are fixed.
[bwa_sai2sam_pe_core] time elapses: 1.74 sec
[bwa_sai2sam_pe_core] refine gapped alignments... 2.45 sec
[bwa_sai2sam_pe_core] print alignments... 1.13 sec
[bwa_sai2sam_pe_core] 3145728 sequences have been processed.
[bwa_sai2sam_pe_core] convert to sequence coordinate... 
[infer_isize] (25, 50, 75) percentile: (233, 280, 332)
[infer_isize] low and high boundaries: 151 and 530 for estimating avg and std
[infer_isize] inferred external isize from 141949 pairs: 285.016 +/- 71.962
[infer_isize] skewness: 0.468; kurtosis: -0.049; ap_prior: 1.72e-05
[infer_isize] inferred maximum insert size: 733 (6.23 sigma)
[bwa_sai2sam_pe_core] time elapses: 2.70 sec
[bwa_sai2sam_pe_core] changing coordinates of 4706 alignments.
[bwa_sai2sam_pe_core] align unmapped mate...
[bwa_paired_sw] 14070 out of 17834 Q17 singletons are mated.
[bwa_paired_sw] 1033 out of 3666 Q17 discordant pairs are fixed.
[bwa_sai2sam_pe_core] time elapses: 1.71 sec
[bwa_sai2sam_pe_core] refine gapped alignments... 2.56 sec
[bwa_sai2sam_pe_core] print alignments... 1.22 sec
[bwa_sai2sam_pe_core] 3407872 sequences have been processed.
[bwa_sai2sam_pe_core] convert to sequence coordinate... 
[infer_isize] (25, 50, 75) percentile: (233, 280, 332)
[infer_isize] low and high boundaries: 151 and 530 for estimating avg and std
[infer_isize] inferred external isize from 141168 pairs: 285.680 +/- 72.197
[infer_isize] skewness: 0.459; kurtosis: -0.057; ap_prior: 1.67e-05
[infer_isize] inferred maximum insert size: 735 (6.23 sigma)
[bwa_sai2sam_pe_core] time elapses: 3.25 sec
[bwa_sai2sam_pe_core] changing coordinates of 4605 alignments.
[bwa_sai2sam_pe_core] align unmapped mate...
[bwa_paired_sw] 14230 out of 18587 Q17 singletons are mated.
[bwa_paired_sw] 988 out of 3648 Q17 discordant pairs are fixed.
[bwa_sai2sam_pe_core] time elapses: 1.86 sec
[bwa_sai2sam_pe_core] refine gapped alignments... 2.59 sec
[bwa_sai2sam_pe_core] print alignments... 1.16 sec
[bwa_sai2sam_pe_core] 3670016 sequences have been processed.
[bwa_sai2sam_pe_core] convert to sequence coordinate... 
[infer_isize] (25, 50, 75) percentile: (233, 280, 332)
[infer_isize] low and high boundaries: 151 and 530 for estimating avg and std
[infer_isize] inferred external isize from 141346 pairs: 285.920 +/- 72.306
[infer_isize] skewness: 0.472; kurtosis: -0.036; ap_prior: 1.70e-05
[infer_isize] inferred maximum insert size: 736 (6.23 sigma)
[bwa_sai2sam_pe_core] time elapses: 2.52 sec
[bwa_sai2sam_pe_core] changing coordinates of 4672 alignments.
[bwa_sai2sam_pe_core] align unmapped mate...
[bwa_paired_sw] 14347 out of 18324 Q17 singletons are mated.
[bwa_paired_sw] 1013 out of 3632 Q17 discordant pairs are fixed.
[bwa_sai2sam_pe_core] time elapses: 1.76 sec
[bwa_sai2sam_pe_core] refine gapped alignments... 2.44 sec
[bwa_sai2sam_pe_core] print alignments... 1.13 sec
[bwa_sai2sam_pe_core] 3932160 sequences have been processed.
[bwa_sai2sam_pe_core] convert to sequence coordinate... 
[infer_isize] (25, 50, 75) percentile: (234, 281, 332)
[infer_isize] low and high boundaries: 151 and 528 for estimating avg and std
[infer_isize] inferred external isize from 141167 pairs: 286.037 +/- 72.012
[infer_isize] skewness: 0.457; kurtosis: -0.061; ap_prior: 1.64e-05
[infer_isize] inferred maximum insert size: 735 (6.23 sigma)
[bwa_sai2sam_pe_core] time elapses: 2.58 sec
[bwa_sai2sam_pe_core] changing coordinates of 4619 alignments.
[bwa_sai2sam_pe_core] align unmapped mate...
[bwa_paired_sw] 14199 out of 18303 Q17 singletons are mated.
[bwa_paired_sw] 1014 out of 3543 Q17 discordant pairs are fixed.
[bwa_sai2sam_pe_core] time elapses: 1.71 sec
[bwa_sai2sam_pe_core] refine gapped alignments... 2.45 sec
[bwa_sai2sam_pe_core] print alignments... 1.14 sec
[bwa_sai2sam_pe_core] 4194304 sequences have been processed.
[bwa_sai2sam_pe_core] convert to sequence coordinate... 
[infer_isize] (25, 50, 75) percentile: (232, 279, 331)
[infer_isize] low and high boundaries: 151 and 529 for estimating avg and std
[infer_isize] inferred external isize from 141726 pairs: 284.225 +/- 72.084
[infer_isize] skewness: 0.467; kurtosis: -0.071; ap_prior: 1.87e-05
[infer_isize] inferred maximum insert size: 733 (6.23 sigma)
[bwa_sai2sam_pe_core] time elapses: 3.11 sec
[bwa_sai2sam_pe_core] changing coordinates of 4710 alignments.
[bwa_sai2sam_pe_core] align unmapped mate...
[bwa_paired_sw] 13883 out of 17834 Q17 singletons are mated.
[bwa_paired_sw] 1058 out of 3780 Q17 discordant pairs are fixed.
[bwa_sai2sam_pe_core] time elapses: 1.79 sec
[bwa_sai2sam_pe_core] refine gapped alignments... 2.50 sec
[bwa_sai2sam_pe_core] print alignments... 1.15 sec
[bwa_sai2sam_pe_core] 4456448 sequences have been processed.
[bwa_sai2sam_pe_core] convert to sequence coordinate... 
[infer_isize] (25, 50, 75) percentile: (230, 277, 329)
[infer_isize] low and high boundaries: 151 and 527 for estimating avg and std
[infer_isize] inferred external isize from 141778 pairs: 282.154 +/- 71.723
[infer_isize] skewness: 0.470; kurtosis: -0.071; ap_prior: 1.61e-05
[infer_isize] inferred maximum insert size: 729 (6.23 sigma)
[bwa_sai2sam_pe_core] time elapses: 3.10 sec
[bwa_sai2sam_pe_core] changing coordinates of 4750 alignments.
[bwa_sai2sam_pe_core] align unmapped mate...
[bwa_paired_sw] 13727 out of 17570 Q17 singletons are mated.
[bwa_paired_sw] 1017 out of 3676 Q17 discordant pairs are fixed.
[bwa_sai2sam_pe_core] time elapses: 1.66 sec
[bwa_sai2sam_pe_core] refine gapped alignments... 2.41 sec
[bwa_sai2sam_pe_core] print alignments... 1.15 sec
[bwa_sai2sam_pe_core] 4718592 sequences have been processed.
[bwa_sai2sam_pe_core] convert to sequence coordinate... 
[infer_isize] (25, 50, 75) percentile: (230, 277, 328)
[infer_isize] low and high boundaries: 151 and 524 for estimating avg and std
[infer_isize] inferred external isize from 94230 pairs: 282.056 +/- 71.808
[infer_isize] skewness: 0.471; kurtosis: -0.088; ap_prior: 1.53e-05
[infer_isize] inferred maximum insert size: 729 (6.23 sigma)
[bwa_sai2sam_pe_core] time elapses: 1.73 sec
[bwa_sai2sam_pe_core] changing coordinates of 3084 alignments.
[bwa_sai2sam_pe_core] align unmapped mate...
[bwa_paired_sw] 8974 out of 11625 Q17 singletons are mated.
[bwa_paired_sw] 650 out of 2465 Q17 discordant pairs are fixed.
[bwa_sai2sam_pe_core] time elapses: 1.06 sec
[bwa_sai2sam_pe_core] refine gapped alignments... 1.62 sec
[bwa_sai2sam_pe_core] print alignments... 0.79 sec
[bwa_sai2sam_pe_core] 4892210 sequences have been processed.
[main] Version: 0.7.17-r1188
[main] CMD: bwa sampe /home/ida/genome_analysis/project/data/assemblies/pacbio_canu_assembly/02_canu_assembly.contigs.fasta aln_illumina_1.sai aln_illumina_2.sai /home/ida/genome_analysis/project/data/raw_data/illumina/SRR6058604_scaffold_10.1P.fastq.gz /home/ida/genome_analysis/project/data/raw_data/illumina/SRR6058604_scaffold_10.2P.fastq.gz
[main] Real time: 184.337 sec; CPU: 181.374 sec
